<?xml version="1.0" encoding="UTF-8"?>
<testng-results skipped="0" failed="0" ignored="0" total="5" passed="5">
  <reporter-output>
  </reporter-output>
  <suite name="Selenium practice suite" duration-ms="280923" started-at="2022-01-27T15:22:50 IST" finished-at="2022-01-27T15:27:31 IST">
    <groups>
    </groups>
    <test name="Coding challenge test" duration-ms="280923" started-at="2022-01-27T15:22:50 IST" finished-at="2022-01-27T15:27:31 IST">
      <class name="com.qa.test.propertyInfoPageTest">
        <test-method status="PASS" signature="setup()[pri:0, instance:com.qa.test.propertyInfoPageTest@b3d7190]" name="setup" is-config="true" duration-ms="48886" started-at="2022-01-27T15:24:42 IST" finished-at="2022-01-27T15:25:31 IST">
          <reporter-output>
          </reporter-output>
        </test-method> <!-- setup -->
        <test-method status="PASS" signature="displayAgentTest()[pri:1, instance:com.qa.test.propertyInfoPageTest@b3d7190]" name="displayAgentTest" duration-ms="26" started-at="2022-01-27T15:25:31 IST" finished-at="2022-01-27T15:25:31 IST">
          <reporter-output>
          </reporter-output>
        </test-method> <!-- displayAgentTest -->
        <test-method status="PASS" signature="teardown()[pri:0, instance:com.qa.test.propertyInfoPageTest@b3d7190]" name="teardown" is-config="true" duration-ms="663" started-at="2022-01-27T15:25:31 IST" finished-at="2022-01-27T15:25:31 IST">
          <reporter-output>
          </reporter-output>
        </test-method> <!-- teardown -->
        <test-method status="PASS" signature="setup()[pri:0, instance:com.qa.test.propertyInfoPageTest@b3d7190]" name="setup" is-config="true" duration-ms="47339" started-at="2022-01-27T15:25:31 IST" finished-at="2022-01-27T15:26:19 IST">
          <reporter-output>
          </reporter-output>
        </test-method> <!-- setup -->
        <test-method status="PASS" signature="clickAgentLogo()[pri:2, instance:com.qa.test.propertyInfoPageTest@b3d7190]" name="clickAgentLogo" duration-ms="10947" started-at="2022-01-27T15:26:19 IST" finished-at="2022-01-27T15:26:30 IST">
          <reporter-output>
          </reporter-output>
        </test-method> <!-- clickAgentLogo -->
        <test-method status="PASS" signature="teardown()[pri:0, instance:com.qa.test.propertyInfoPageTest@b3d7190]" name="teardown" is-config="true" duration-ms="1228" started-at="2022-01-27T15:26:30 IST" finished-at="2022-01-27T15:26:31 IST">
          <reporter-output>
          </reporter-output>
        </test-method> <!-- teardown -->
      </class> <!-- com.qa.test.propertyInfoPageTest -->
      <class name="com.qa.test.agentInfoPageTest">
        <test-method status="PASS" signature="setup()[pri:0, instance:com.qa.test.agentInfoPageTest@5fdba6f9]" name="setup" is-config="true" duration-ms="15165" started-at="2022-01-27T15:26:31 IST" finished-at="2022-01-27T15:26:46 IST">
          <reporter-output>
          </reporter-output>
        </test-method> <!-- setup -->
        <test-method status="PASS" signature="agentnameTest()[pri:0, instance:com.qa.test.agentInfoPageTest@5fdba6f9]" name="agentnameTest" duration-ms="43939" started-at="2022-01-27T15:26:46 IST" finished-at="2022-01-27T15:27:30 IST">
          <reporter-output>
          </reporter-output>
        </test-method> <!-- agentnameTest -->
        <test-method status="PASS" signature="teardown()[pri:0, instance:com.qa.test.agentInfoPageTest@5fdba6f9]" name="teardown" is-config="true" duration-ms="780" started-at="2022-01-27T15:27:30 IST" finished-at="2022-01-27T15:27:31 IST">
          <reporter-output>
          </reporter-output>
        </test-method> <!-- teardown -->
      </class> <!-- com.qa.test.agentInfoPageTest -->
      <class name="com.qa.test.propertyPageTest">
        <test-method status="PASS" signature="setup()[pri:0, instance:com.qa.test.propertyPageTest@17211155]" name="setup" is-config="true" duration-ms="24799" started-at="2022-01-27T15:23:57 IST" finished-at="2022-01-27T15:24:22 IST">
          <reporter-output>
          </reporter-output>
        </test-method> <!-- setup -->
        <test-method status="PASS" signature="diplayAllPriceTest()[pri:0, instance:com.qa.test.propertyPageTest@17211155]" name="diplayAllPriceTest" duration-ms="19365" started-at="2022-01-27T15:24:22 IST" finished-at="2022-01-27T15:24:41 IST">
          <reporter-output>
          </reporter-output>
        </test-method> <!-- diplayAllPriceTest -->
        <test-method status="PASS" signature="teardown()[pri:0, instance:com.qa.test.propertyPageTest@17211155]" name="teardown" is-config="true" duration-ms="678" started-at="2022-01-27T15:24:41 IST" finished-at="2022-01-27T15:24:42 IST">
          <reporter-output>
          </reporter-output>
        </test-method> <!-- teardown -->
      </class> <!-- com.qa.test.propertyPageTest -->
      <class name="com.qa.test.searchPageTest">
        <test-method status="PASS" signature="setup()[pri:0, instance:com.qa.test.searchPageTest@25bbf683]" name="setup" is-config="true" duration-ms="34538" started-at="2022-01-27T15:22:50 IST" finished-at="2022-01-27T15:23:24 IST">
          <reporter-output>
          </reporter-output>
        </test-method> <!-- setup -->
        <test-method status="PASS" signature="searchAreaTest()[pri:0, instance:com.qa.test.searchPageTest@25bbf683]" name="searchAreaTest" duration-ms="31861" started-at="2022-01-27T15:23:24 IST" finished-at="2022-01-27T15:23:56 IST">
          <reporter-output>
          </reporter-output>
        </test-method> <!-- searchAreaTest -->
        <test-method status="PASS" signature="teardown()[pri:0, instance:com.qa.test.searchPageTest@25bbf683]" name="teardown" is-config="true" duration-ms="669" started-at="2022-01-27T15:23:56 IST" finished-at="2022-01-27T15:23:57 IST">
          <reporter-output>
          </reporter-output>
        </test-method> <!-- teardown -->
      </class> <!-- com.qa.test.searchPageTest -->
    </test> <!-- Coding challenge test -->
  </suite> <!-- Selenium practice suite -->
</testng-results>
